<?xml version="1.0" encoding="UTF-8"?>
<testng-results ignored="0" total="2" passed="2" failed="0" skipped="0">
  <reporter-output>
  </reporter-output>
  <suite started-at="2023-07-26T12:33:08 IST" name="Suite" finished-at="2023-07-26T12:33:29 IST" duration-ms="20322">
    <groups>
    </groups>
    <test started-at="2023-07-26T12:33:08 IST" name="Test" finished-at="2023-07-26T12:33:29 IST" duration-ms="20322">
      <class name="com.nephroPlus.testCases.TC_BulkDeleteTest_02">
        <test-method is-config="true" signature="setup(java.lang.String)[pri:0, instance:com.nephroPlus.testCases.TC_BulkDeleteTest_02@8458f04]" started-at="2023-07-26T12:33:21 IST" name="setup" finished-at="2023-07-26T12:33:24 IST" duration-ms="3087" status="PASS">
          <params>
            <param index="0">
              <value>
                <![CDATA[chrome]]>
              </value>
            </param>
          </params>
          <reporter-output>
          </reporter-output>
        </test-method> <!-- setup -->
        <test-method signature="bulkDelete()[pri:0, instance:com.nephroPlus.testCases.TC_BulkDeleteTest_02@8458f04]" started-at="2023-07-26T12:33:24 IST" name="bulkDelete" finished-at="2023-07-26T12:33:28 IST" duration-ms="4314" status="PASS">
          <reporter-output>
          </reporter-output>
        </test-method> <!-- bulkDelete -->
        <test-method is-config="true" signature="tearDown()[pri:0, instance:com.nephroPlus.testCases.TC_BulkDeleteTest_02@8458f04]" started-at="2023-07-26T12:33:28 IST" name="tearDown" finished-at="2023-07-26T12:33:29 IST" duration-ms="392" status="PASS">
          <reporter-output>
          </reporter-output>
        </test-method> <!-- tearDown -->
      </class> <!-- com.nephroPlus.testCases.TC_BulkDeleteTest_02 -->
      <class name="com.nephroPlus.testCases.TC_LoginTest_01">
        <test-method is-config="true" signature="setup(java.lang.String)[pri:0, instance:com.nephroPlus.testCases.TC_LoginTest_01@606e4010]" started-at="2023-07-26T12:33:08 IST" name="setup" finished-at="2023-07-26T12:33:13 IST" duration-ms="5147" status="PASS">
          <params>
            <param index="0">
              <value>
                <![CDATA[chrome]]>
              </value>
            </param>
          </params>
          <reporter-output>
          </reporter-output>
        </test-method> <!-- setup -->
        <test-method signature="loginTest()[pri:0, instance:com.nephroPlus.testCases.TC_LoginTest_01@606e4010]" started-at="2023-07-26T12:33:13 IST" name="loginTest" finished-at="2023-07-26T12:33:20 IST" duration-ms="6801" status="PASS">
          <reporter-output>
          </reporter-output>
        </test-method> <!-- loginTest -->
        <test-method is-config="true" signature="tearDown()[pri:0, instance:com.nephroPlus.testCases.TC_LoginTest_01@606e4010]" started-at="2023-07-26T12:33:20 IST" name="tearDown" finished-at="2023-07-26T12:33:21 IST" duration-ms="522" status="PASS">
          <reporter-output>
          </reporter-output>
        </test-method> <!-- tearDown -->
      </class> <!-- com.nephroPlus.testCases.TC_LoginTest_01 -->
    </test> <!-- Test -->
  </suite> <!-- Suite -->
</testng-results>
